<?xml version="1.0" encoding="UTF-8"?>
<!-- Generated by org.testng.reporters.JUnitReportReporter -->
<testsuite skipped="0" hostname="DESKTOP-NIER1LV" name="sampleTest.MavenSample" tests="1" failures="0" timestamp="19 Oct 2021 13:41:05 GMT" time="51.074" errors="0">
  <testcase name="testMavenWithSelenium" time="51.074" classname="sampleTest.MavenSample"/>
</testsuite> <!-- sampleTest.MavenSample -->
